[2025-07-19T08:02:48.561Z] - DETAILED ERROR LOG
Caught non-error object: {
  "code": "42P10",
  "details": null,
  "hint": null,
  "message": "there is no unique or exclusion constraint matching the ON CONFLICT specification"
}
--------------------------------------------------

[2025-07-19T08:03:42.159Z] - DETAILED ERROR LOG
Caught non-error object: {
  "code": "42P10",
  "details": null,
  "hint": null,
  "message": "there is no unique or exclusion constraint matching the ON CONFLICT specification"
}
--------------------------------------------------

[2025-07-19T08:05:33.659Z] - DETAILED ERROR LOG
Caught non-error object: {
  "code": "42P10",
  "details": null,
  "hint": null,
  "message": "there is no unique or exclusion constraint matching the ON CONFLICT specification"
}
--------------------------------------------------

[2025-07-19T08:09:18.167Z] - DETAILED ERROR LOG
Caught non-error object: {
  "code": "23502",
  "details": "Failing row contains (db629753-1d77-4bcf-a999-c4cfcc945c70, 576b055f-0900-4993-b041-686e0038a84e, 2025-07-14, 5, null, 2025-07-19 08:09:18.087573+00).",
  "hint": null,
  "message": "null value in column \"completion_percentage\" of relation \"progress_logs\" violates not-null constraint"
}
--------------------------------------------------

[2025-07-19T08:09:29.859Z] - DETAILED ERROR LOG
Caught non-error object: {
  "code": "23502",
  "details": "Failing row contains (a05cb67b-ae87-4436-bbf1-9957a068afb2, 576b055f-0900-4993-b041-686e0038a84e, 2025-07-14, 10, null, 2025-07-19 08:09:29.783854+00).",
  "hint": null,
  "message": "null value in column \"completion_percentage\" of relation \"progress_logs\" violates not-null constraint"
}
--------------------------------------------------

[2025-07-19T08:09:38.305Z] - DETAILED ERROR LOG
Caught non-error object: {
  "code": "23502",
  "details": "Failing row contains (2a2dfa0e-90e7-4319-9ae4-ba019a24679c, 576b055f-0900-4993-b041-686e0038a84e, 2025-07-14, 2, null, 2025-07-19 08:09:38.227289+00).",
  "hint": null,
  "message": "null value in column \"completion_percentage\" of relation \"progress_logs\" violates not-null constraint"
}
--------------------------------------------------

[2025-07-19T08:33:25.159Z] - DETAILED ERROR LOG
Caught non-error object: {
  "code": "23502",
  "details": "Failing row contains (fd06c680-c3e9-49f5-8da9-e27726a45d4e, 576b055f-0900-4993-b041-686e0038a84e, 2025-07-17, 10, null, 2025-07-19 08:33:25.082127+00).",
  "hint": null,
  "message": "null value in column \"completion_percentage\" of relation \"progress_logs\" violates not-null constraint"
}
--------------------------------------------------

[2025-07-19T23:58:35.164Z] - DETAILED ERROR LOG
Caught non-error object: {
  "code": "PGRST204",
  "details": null,
  "hint": null,
  "message": "Could not find the 'frequency_interval' column of 'habit_tasks' in the schema cache"
}
--------------------------------------------------

[2025-07-20T00:00:51.204Z] - DETAILED ERROR LOG
Caught non-error object: {
  "code": "23514",
  "details": "Failing row contains (3a04f3cb-6b2d-4e7a-b7a0-0937c4eb9a1e, e3c3c0b1-30c4-4e61-9730-f4fa3783ea9c, Cada 3 días, habit, 2025-07-02, null, null, every_x_days, null, 1, f, binary, null, 2025-07-20 00:00:51.125009+00, f, null, null, null).",
  "hint": null,
  "message": "new row for relation \"habit_tasks\" violates check constraint \"habit_tasks_frequency_check\""
}
--------------------------------------------------

[2025-07-20T03:42:47.031Z] - DETAILED ERROR LOG
Caught non-error object: {
  "code": "23514",
  "details": "Failing row contains (a714a4e2-4d6a-4a0c-9538-4fd6fee1b759, e3c3c0b1-30c4-4e61-9730-f4fa3783ea9c, Habito semanal, habit, 2025-07-11, null, null, every_x_weeks, null, 1, f, null, null, 2025-07-20 03:42:46.938411+00, f, null, null, 1, null).",
  "hint": null,
  "message": "new row for relation \"habit_tasks\" violates check constraint \"habit_tasks_frequency_check\""
}
--------------------------------------------------

[2025-07-20T04:08:30.211Z] - DETAILED ERROR LOG
Caught non-error object: {
  "code": "23514",
  "details": "Failing row contains (99478f53-dcc5-4c41-a392-47bdf4d1ff1a, b8b73760-4dac-4a6e-8b49-1b43d412d767, Prueba 2.1 (Aparición), habit, 2025-07-16, null, null, every_x_weeks, {mon,wed,fri}, 1, f, null, null, 2025-07-20 04:08:30.127126+00, f, null, null, 1, null, Crear un hábito para Lunes, Miércoles y Viernes. Verificar que...).",
  "hint": null,
  "message": "new row for relation \"habit_tasks\" violates check constraint \"habit_tasks_frequency_check\""
}
--------------------------------------------------

[2025-07-20T04:30:17.052Z] - DETAILED ERROR LOG
Caught non-error object: {
  "code": "23514",
  "details": "Failing row contains (3b4ff1c0-9525-47a3-b50c-32190ce90614, 5232709e-699c-4ea8-8473-4b5b8cb7a79e, Prueba 2.1 (Aparición), habit, 2025-07-08, null, null, every_x_weeks, {mon,wed,fri}, 1, f, null, null, 2025-07-20 04:30:16.972218+00, f, null, null, 1, null, Crear un hábito para Lunes, Miércoles y Viernes. Verificar que...).",
  "hint": null,
  "message": "new row for relation \"habit_tasks\" violates check constraint \"habit_tasks_frequency_check\""
}
--------------------------------------------------

[2025-07-20T04:37:11.915Z] - DETAILED ERROR LOG
Caught non-error object: {
  "code": "23514",
  "details": "Failing row contains (9737e2c1-f3d9-4590-9235-5cb8eed7081d, 5232709e-699c-4ea8-8473-4b5b8cb7a79e, Prueba 2.1 (Aparición), habit, 2025-07-09, null, null, every_x_weeks, {mon,wed,fri}, 1, f, null, null, 2025-07-20 04:37:11.837848+00, f, null, null, 1, null, Crear un hábito para Lunes, Miércoles y Viernes. Verificar que...).",
  "hint": null,
  "message": "new row for relation \"habit_tasks\" violates check constraint \"habit_tasks_frequency_check\""
}
--------------------------------------------------

[2025-07-20T04:41:44.069Z] - DETAILED ERROR LOG
Error Type: Database/API Error
Message: new row for relation "habit_tasks" violates check constraint "habit_tasks_frequency_check"
Code: 23514
Details: Failing row contains (aad82f5f-bf4e-4929-802b-0de9b13954e0, e3c3c0b1-30c4-4e61-9730-f4fa3783ea9c, Prueba 2.1 (Aparición), habit, 2025-07-09, null, null, every_x_weeks, {mon,wed,fri}, 1, f, null, null, 2025-07-20 04:41:43.945348+00, f, null, null, 1, null, Crear un hábito para Lunes, Miércoles y Viernes. Verificar que...).
Hint: null
--------------------------------------------------

[2025-07-20T04:46:56.724Z] - DETAILED ERROR LOG
Error Type: Database/API Error
Message: new row for relation "habit_tasks" violates check constraint "habit_tasks_frequency_check"
Code: 23514
Details: Failing row contains (3b643a0b-e14e-4569-aac9-f16533550fe7, 5232709e-699c-4ea8-8473-4b5b8cb7a79e, Prueba 2.1 (Aparición), habit, 2025-07-09, null, null, every_x_weeks, {mon,wed,fri}, 1, f, binary, null, 2025-07-20 04:46:56.64149+00, f, null, null, 1, null, Crear un hábito para Lunes, Miércoles y Viernes. Verificar que...).
Hint: null
--------------------------------------------------

[2025-07-20T04:49:29.955Z] - DETAILED ERROR LOG
Error Type: Database/API Error
Message: new row for relation "habit_tasks" violates check constraint "habit_tasks_frequency_check"
Code: 23514
Details: Failing row contains (9e72b647-2588-4108-84b0-9919bf96c54b, b8b73760-4dac-4a6e-8b49-1b43d412d767, Prueba 2.1 (Aparición), habit, 2025-07-09, null, null, every_x_weeks, {mon,wed,fri}, 1, f, null, null, 2025-07-20 04:49:29.872876+00, f, null, null, 1, null, Crear un hábito para Lunes, Miércoles y Viernes. Verificar que...).
Hint: null
--------------------------------------------------

[2025-07-20T04:53:10.846Z] - DETAILED ERROR LOG
Error Type: Database/API Error
Message: new row for relation "habit_tasks" violates check constraint "habit_tasks_frequency_check"
Code: 23514
Details: Failing row contains (d6da8d38-1232-4766-8f72-5774f2c9f7ff, 5232709e-699c-4ea8-8473-4b5b8cb7a79e, Prueba 2.1 (Aparición), habit, 2025-07-10, null, null, every_x_weeks, {mon,wed,fri}, 1, f, null, null, 2025-07-20 04:53:10.753251+00, f, null, null, 1, null, ).
Hint: null
--------------------------------------------------

[2025-07-20T04:58:45.397Z] - DETAILED ERROR LOG
Error Type: Database/API Error
Message: new row for relation "habit_tasks" violates check constraint "habit_tasks_frequency_check"
Code: 23514
Details: Failing row contains (6af2fdfd-56fc-4905-ae5f-a52e3f96e048, e3c3c0b1-30c4-4e61-9730-f4fa3783ea9c, sda, habit, 2025-07-09, null, null, every_x_weeks, {mon,wed,fri}, 1, f, null, null, 2025-07-20 04:58:45.309264+00, f, null, null, 1, null, ).
Hint: null
--------------------------------------------------

[2025-07-20T05:01:07.523Z] - DETAILED ERROR LOG
Error Type: Database/API Error
Message: new row for relation "habit_tasks" violates check constraint "habit_tasks_frequency_check"
Code: 23514
Details: Failing row contains (ff57e5ac-18c5-494f-8438-e0f5f573ffaa, e3c3c0b1-30c4-4e61-9730-f4fa3783ea9c, sdsd, habit, 2025-07-10, null, null, every_x_weeks, {mon,wed,fri}, 1, f, null, null, 2025-07-20 05:01:07.439158+00, f, null, null, 1, null, ).
Hint: null
--------------------------------------------------

[2025-07-20T05:07:02.627Z] - DETAILED ERROR LOG
Error Type: Database/API Error
Message: new row for relation "habit_tasks" violates check constraint "habit_tasks_frequency_check"
Code: 23514
Details: Failing row contains (455c6608-73ea-4798-b41d-a2f535e0ea75, 5232709e-699c-4ea8-8473-4b5b8cb7a79e, sad, habit, 2025-07-10, null, null, every_x_weeks, {mon,wed,fri}, 1, f, null, null, 2025-07-20 05:07:02.545176+00, f, null, null, 1, null, ).
Hint: null

CONTEXT DATA:
{
  "title": "sad",
  "description": "",
  "type": "habit",
  "area_prk_id": "5232709e-699c-4ea8-8473-4b5b8cb7a79e",
  "start_date": "2025-07-10",
  "weight": 1,
  "is_critical": false,
  "frequency": "every_x_weeks",
  "frequency_days": [
    "mon",
    "wed",
    "fri"
  ],
  "frequency_interval": 1
}
--------------------------------------------------

[2025-07-20T05:11:32.111Z] - DETAILED ERROR LOG
Error Type: Database/API Error
Message: new row for relation "habit_tasks" violates check constraint "habit_tasks_frequency_check"
Code: 23514
Details: Failing row contains (ce320877-a2b5-4447-a554-88d8faf15269, 5232709e-699c-4ea8-8473-4b5b8cb7a79e, vdvfdvfv, habit, 2025-07-10, null, null, every_x_weeks, {mon,wed,fri}, 1, f, null, null, 2025-07-20 05:11:32.030272+00, f, null, null, 1, null, ).
Hint: null

CONTEXT DATA:
{
  "title": "vdvfdvfv",
  "description": "",
  "type": "habit",
  "area_prk_id": "5232709e-699c-4ea8-8473-4b5b8cb7a79e",
  "start_date": "2025-07-10",
  "weight": 1,
  "is_critical": false,
  "frequency": "every_x_weeks",
  "frequency_days": [
    "mon",
    "wed",
    "fri"
  ],
  "frequency_interval": 1
}
--------------------------------------------------

[2025-07-20T05:21:10.907Z] - DETAILED ERROR LOG
Error Type: Database/API Error
Message: new row for relation "habit_tasks" violates check constraint "habit_tasks_frequency_check"
Code: 23514
Details: Failing row contains (5f26afe0-393e-4e01-880c-f2a78a9cd39e, e3c3c0b1-30c4-4e61-9730-f4fa3783ea9c, sdfsf, habit, 2025-07-10, null, null, every_x_weeks, {mon,wed,fri}, 1, f, null, null, 2025-07-20 05:21:10.826128+00, f, null, null, 1, null, ).
Hint: null

CONTEXT DATA:
{
  "title": "sdfsf",
  "description": "",
  "type": "habit",
  "area_prk_id": "e3c3c0b1-30c4-4e61-9730-f4fa3783ea9c",
  "start_date": "2025-07-10",
  "weight": 1,
  "is_critical": false,
  "frequency": "every_x_weeks",
  "frequency_days": [
    "mon",
    "wed",
    "fri"
  ],
  "frequency_interval": 1
}
--------------------------------------------------

[2025-07-20T05:24:32.109Z] - DETAILED ERROR LOG
Error Type: Database/API Error
Message: new row for relation "habit_tasks" violates check constraint "habit_tasks_frequency_check"
Code: 23514
Details: Failing row contains (14d63494-36dc-4cb7-bf21-e8feabd0a63a, 5232709e-699c-4ea8-8473-4b5b8cb7a79e, asdsadd, habit, 2025-07-10, null, null, every_x_weeks, {mon,wed,fri}, 1, f, null, null, 2025-07-20 05:24:32.029063+00, f, null, null, 1, null, ).
Hint: null

CONTEXT DATA:
{
  "title": "asdsadd",
  "description": "",
  "type": "habit",
  "area_prk_id": "5232709e-699c-4ea8-8473-4b5b8cb7a79e",
  "start_date": "2025-07-10",
  "weight": 1,
  "is_critical": false,
  "frequency": "every_x_weeks",
  "frequency_days": [
    "mon",
    "wed",
    "fri"
  ],
  "frequency_interval": 1
}
--------------------------------------------------

[2025-07-20T05:34:44.319Z] - DETAILED ERROR LOG
Error occurred at: addHabitTask
Error Type: Database/API Error
Message: new row for relation "habit_tasks" violates check constraint "habit_tasks_frequency_check"
Code: 23514
Details: Failing row contains (dc3ef375-03a9-4cdd-9f0f-55772bccb32d, e3c3c0b1-30c4-4e61-9730-f4fa3783ea9c, vdfv, habit, 2025-07-11, null, null, every_x_weeks, {mon,wed,fri}, 1, f, null, null, 2025-07-20 05:34:44.231426+00, f, null, null, 1, null, ).
Hint: null

CONTEXT DATA:
{
  "title": "vdfv",
  "description": "",
  "type": "habit",
  "area_prk_id": "e3c3c0b1-30c4-4e61-9730-f4fa3783ea9c",
  "start_date": "2025-07-11",
  "weight": 1,
  "is_critical": false,
  "frequency": "every_x_weeks",
  "frequency_days": [
    "mon",
    "wed",
    "fri"
  ],
  "frequency_interval": 1
}
--------------------------------------------------

[2025-07-20T05:35:36.633Z] - DETAILED ERROR LOG
Error occurred at: addHabitTask
Error Type: Database/API Error
Message: new row for relation "habit_tasks" violates check constraint "habit_tasks_frequency_check"
Code: 23514
Details: Failing row contains (3684f9ac-7014-4b22-a04e-19181a3d0249, e3c3c0b1-30c4-4e61-9730-f4fa3783ea9c, dsdc, habit, 2025-07-10, null, null, every_x_weeks, {mon,wed,fri}, 1, f, null, null, 2025-07-20 05:35:36.531835+00, f, null, null, 1, null, ).
Hint: null

CONTEXT DATA:
{
  "title": "dsdc",
  "description": "",
  "type": "habit",
  "area_prk_id": "e3c3c0b1-30c4-4e61-9730-f4fa3783ea9c",
  "start_date": "2025-07-10",
  "weight": 1,
  "is_critical": false,
  "frequency": "every_x_weeks",
  "frequency_days": [
    "mon",
    "wed",
    "fri"
  ],
  "frequency_interval": 1
}
--------------------------------------------------

[2025-07-20T05:36:49.377Z] - DETAILED ERROR LOG
Error occurred at: addHabitTask
Error Type: Database/API Error
Message: new row for relation "habit_tasks" violates check constraint "habit_tasks_frequency_check"
Code: 23514
Details: Failing row contains (265dce2a-2093-4f0c-b82f-622a506a834f, 5232709e-699c-4ea8-8473-4b5b8cb7a79e, sadadsad, habit, 2025-07-03, null, null, every_x_weeks, null, 1, f, null, null, 2025-07-20 05:36:49.298871+00, f, null, null, 1, null, ).
Hint: null

CONTEXT DATA:
{
  "title": "sadadsad",
  "description": "",
  "type": "habit",
  "area_prk_id": "5232709e-699c-4ea8-8473-4b5b8cb7a79e",
  "start_date": "2025-07-03",
  "weight": 1,
  "is_critical": false,
  "frequency": "every_x_weeks",
  "frequency_interval": 1
}
--------------------------------------------------

[2025-07-20T06:20:49.340Z] - DETAILED ERROR LOG
Error occurred at: addHabitTask
Error Type: Database/API Error
Message: new row for relation "habit_tasks" violates check constraint "habit_tasks_frequency_check"
Code: 23514
Details: Failing row contains (ed80a4bd-839a-441b-a47e-f79571c8ee6c, b8b73760-4dac-4a6e-8b49-1b43d412d767, htrhh, habit, 2025-07-05, null, null, every_x_months_commitment, null, 1, f, null, null, 2025-07-20 06:20:49.25859+00, f, null, null, 1, null, ).
Hint: null

CONTEXT DATA:
{
  "data": {
    "title": "htrhh",
    "description": "",
    "area_prk_id": "b8b73760-4dac-4a6e-8b49-1b43d412d767",
    "weight": 1,
    "is_critical": false,
    "start_date": "2025-07-05",
    "type": "habit",
    "frequency": "every_x_months_commitment",
    "frequency_interval": 1
  }
}
--------------------------------------------------

[2025-07-20T06:28:10.059Z] - DETAILED ERROR LOG
Error occurred at: addHabitTask
Error Type: Database/API Error
Message: new row for relation "habit_tasks" violates check constraint "habit_tasks_frequency_check"
Code: 23514
Details: Failing row contains (bf54e26f-354b-48c9-ae99-e2590d337cbf, b8b73760-4dac-4a6e-8b49-1b43d412d767, asdadad, habit, 2025-07-03, null, null, every_x_months_commitment, null, 1, f, null, null, 2025-07-20 06:28:09.976692+00, f, null, null, 1, null, ).
Hint: null

CONTEXT DATA:
{
  "data": {
    "title": "asdadad",
    "description": "",
    "area_prk_id": "b8b73760-4dac-4a6e-8b49-1b43d412d767",
    "weight": 1,
    "is_critical": false,
    "start_date": "2025-07-03",
    "type": "habit",
    "frequency": "every_x_months_commitment",
    "frequency_interval": 1
  }
}
--------------------------------------------------

[2025-07-20T06:28:51.887Z] - DETAILED ERROR LOG
Error occurred at: addHabitTask
Error Type: Database/API Error
Message: new row for relation "habit_tasks" violates check constraint "habit_tasks_frequency_check"
Code: 23514
Details: Failing row contains (1aa2fe89-7fb4-492b-9a9a-e1a9f374fb00, e3c3c0b1-30c4-4e61-9730-f4fa3783ea9c, asdad, habit, 2025-07-03, null, null, every_x_months_commitment, null, 1, f, null, null, 2025-07-20 06:28:51.803773+00, f, null, null, 1, null, ).
Hint: null

CONTEXT DATA:
{
  "data": {
    "title": "asdad",
    "description": "",
    "area_prk_id": "e3c3c0b1-30c4-4e61-9730-f4fa3783ea9c",
    "weight": 1,
    "is_critical": false,
    "start_date": "2025-07-03",
    "type": "habit",
    "frequency": "every_x_months_commitment",
    "frequency_interval": 1
  }
}
--------------------------------------------------

[2025-07-20T06:53:32.895Z] - DETAILED ERROR LOG
Error occurred at: addHabitTask
Error Type: Database/API Error
Message: new row for relation "habit_tasks" violates check constraint "habit_tasks_frequency_check"
Code: 23514
Details: Failing row contains (8dc72159-0f2d-41cd-80ce-3f039c49ec36, b8b73760-4dac-4a6e-8b49-1b43d412d767, asx, habit, 2025-07-10, null, null, specific_day_of_month, null, 1, f, null, null, 2025-07-20 06:53:32.815559+00, f, null, null, null, 15, ).
Hint: null

CONTEXT DATA:
{
  "data": {
    "title": "asx",
    "description": "",
    "area_prk_id": "b8b73760-4dac-4a6e-8b49-1b43d412d767",
    "weight": 1,
    "is_critical": false,
    "start_date": "2025-07-10",
    "type": "habit",
    "frequency": "specific_day_of_month",
    "frequency_day_of_month": 15
  }
}
--------------------------------------------------

[2025-07-20T06:55:01.615Z] - DETAILED ERROR LOG
Error occurred at: addHabitTask
Error Type: Database/API Error
Message: new row for relation "habit_tasks" violates check constraint "habit_tasks_frequency_check"
Code: 23514
Details: Failing row contains (5449c8de-5b6d-4524-820f-62f5a52938b3, b8b73760-4dac-4a6e-8b49-1b43d412d767, aaa, habit, 2025-07-10, null, null, every_x_weeks, {mon}, 1, f, null, null, 2025-07-20 06:55:01.537404+00, f, null, null, 1, null, ).
Hint: null

CONTEXT DATA:
{
  "data": {
    "title": "aaa",
    "description": "",
    "area_prk_id": "b8b73760-4dac-4a6e-8b49-1b43d412d767",
    "weight": 1,
    "is_critical": false,
    "start_date": "2025-07-10",
    "type": "habit",
    "frequency": "every_x_weeks",
    "frequency_days": [
      "mon"
    ],
    "frequency_interval": 1
  }
}
--------------------------------------------------

