
> nextn@0.1.0 dev
> next dev --turbopack -p 9002

   ▲ Next.js 15.3.3 (Turbopack)
   - Local:        http://localhost:9002
   - Network:      http://192.168.1.113:9002
   - Environments: .env

 ✓ Starting...
 ✓ Compiled middleware in 250ms
 ✓ Ready in 1579ms
 ○ Compiling / ...
 ✓ Compiled / in 1890ms
 GET / 307 in 2222ms
 ○ Compiling /login ...
 ✓ Compiled /login in 2.2s
 GET /login 200 in 2795ms
 ✓ Compiled /_not-found/page in 495ms
 GET /favicon.ico%3Ffavicon.56766c03.ico 404 in 562ms
 GET / 307 in 104ms
 GET /login 200 in 118ms
 GET /logo.png 404 in 78ms
 ✓ Compiled /favicon.ico in 411ms
 GET /favicon.ico?favicon.56766c03.ico 200 in 742ms
 ○ Compiling /day ...
 ✓ Compiled /day in 2.7s
 GET /day 200 in 6133ms
 POST /login 303 in 9279ms
 ○ Compiling /panel ...
 ✓ Compiled /panel in 1754ms
 GET /panel 200 in 3292ms
 ○ Compiling /analytics ...
 ✓ Compiled /analytics in 2.6s
 GET /analytics 200 in 2687ms
 POST /analytics 200 in 2500ms
 POST /analytics 200 in 2504ms
 ○ Compiling /tasks ...
 ✓ Compiled /tasks in 1767ms
 GET /tasks 200 in 2053ms
 GET /day 200 in 2887ms
 GET /tasks 307 in 300ms
 GET /login 200 in 124ms
 GET /logo.png 404 in 90ms
 GET /favicon.ico?favicon.56766c03.ico 200 in 331ms
 GET /day 200 in 2794ms
 POST /login 303 in 5126ms
 POST /day 200 in 3732ms
 POST /day 200 in 3160ms
 POST /day 200 in 3337ms
 GET /analytics 200 in 101ms
 POST /analytics 200 in 2438ms
 POST /analytics 200 in 2444ms
 GET /panel 200 in 1283ms
 GET /panel 200 in 1294ms
 GET /panel 200 in 1185ms
 GET /day 200 in 3041ms
 GET /panel 200 in 1302ms
 GET /day 200 in 2771ms
 GET /day 200 in 2691ms
 GET /day 200 in 2163ms
 POST /day 200 in 4670ms
 GET /day 200 in 5709ms
 GET /day?date=2025-08-25 200 in 4591ms
 GET /day?date=2025-08-26 200 in 3449ms
 GET / 307 in 144ms
 GET /login 200 in 148ms
 GET /logo.png 404 in 128ms
 GET /favicon.ico?favicon.56766c03.ico 200 in 323ms
 GET /login?message=Could+not+authenticate+user 200 in 83ms
 POST /login 303 in 922ms
 GET /login?message=Could+not+authenticate+user 200 in 103ms
 GET /login?message=Could+not+authenticate+user 200 in 119ms
 GET /logo.png 404 in 130ms
 GET /login?message=Could+not+authenticate+user 200 in 90ms
 POST /login?message=Could%20not%20authenticate%20user 303 in 1029ms
 GET /login?message=Could+not+authenticate+user 200 in 121ms
 GET /login?message=Could+not+authenticate+user 200 in 120ms
 GET /logo.png 404 in 92ms
 GET /login?message=Could+not+authenticate+user 200 in 83ms
 POST /login?message=Could%20not%20authenticate%20user 303 in 694ms
 GET /login?message=Could+not+authenticate+user 200 in 145ms
 GET /login?message=Could+not+authenticate+user 200 in 165ms
 GET /logo.png 404 in 90ms
 GET /login?message=Could+not+authenticate+user 200 in 84ms
 POST /login?message=Could%20not%20authenticate%20user 303 in 873ms
 GET /login?message=Could+not+authenticate+user 200 in 134ms
 GET /login?message=Could+not+authenticate+user 200 in 154ms
 GET /logo.png 404 in 107ms
 GET /login?message=Could+not+authenticate+user 200 in 80ms
 POST /login?message=Could%20not%20authenticate%20user 303 in 854ms
 GET /login?message=Could+not+authenticate+user 200 in 104ms
 GET /login?message=Could+not+authenticate+user 200 in 121ms
 GET /logo.png 404 in 102ms
 GET /login?message=Could+not+authenticate+user 200 in 82ms
 POST /login?message=Could%20not%20authenticate%20user 303 in 700ms
 GET /login?message=Could+not+authenticate+user 200 in 101ms
 GET /login?message=Could+not+authenticate+user 200 in 117ms
 GET /logo.png 404 in 108ms
 GET /login?message=Could+not+authenticate+user 200 in 89ms
 POST /login?message=Could%20not%20authenticate%20user 303 in 883ms
 GET /login?message=Could+not+authenticate+user 200 in 103ms
 GET /login?message=Could+not+authenticate+user 200 in 120ms
 GET /logo.png 404 in 109ms
 GET /login?message=Could+not+authenticate+user 200 in 137ms
 POST /login?message=Could%20not%20authenticate%20user 303 in 726ms
 GET /login?message=Could+not+authenticate+user 200 in 101ms
 GET /login?message=Could+not+authenticate+user 200 in 120ms
 GET /logo.png 404 in 99ms
 GET /login?message=Could+not+authenticate+user 200 in 81ms
 POST /login?message=Could%20not%20authenticate%20user 303 in 670ms
 GET /login?message=Could+not+authenticate+user 200 in 95ms
 GET /login?message=Could+not+authenticate+user 200 in 108ms
 GET /logo.png 404 in 125ms
 GET /login?message=Could+not+authenticate+user 200 in 85ms
 POST /login?message=Could%20not%20authenticate%20user 303 in 650ms
 GET /login?message=Could+not+authenticate+user 200 in 102ms
 GET /login?message=Could+not+authenticate+user 200 in 119ms
 GET /logo.png 404 in 104ms
 GET /login?message=Could+not+authenticate+user 200 in 89ms
 POST /login?message=Could%20not%20authenticate%20user 303 in 1054ms
 GET /login?message=Could+not+authenticate+user 200 in 96ms
 GET /login?message=Could+not+authenticate+user 200 in 117ms
 GET /logo.png 404 in 179ms
 GET /login?message=Could+not+authenticate+user 200 in 88ms
 POST /login?message=Could%20not%20authenticate%20user 303 in 1094ms
 GET /login?message=Could+not+authenticate+user 200 in 113ms
 GET /login?message=Could+not+authenticate+user 200 in 125ms
 GET /logo.png 404 in 96ms
 GET /login?message=Could+not+authenticate+user 200 in 111ms
 POST /login?message=Could%20not%20authenticate%20user 303 in 904ms
 GET /login?message=Could+not+authenticate+user 200 in 133ms
 GET /login?message=Could+not+authenticate+user 200 in 147ms
 GET /logo.png 404 in 117ms
 GET /login?message=Could+not+authenticate+user 200 in 92ms
 POST /login?message=Could%20not%20authenticate%20user 303 in 879ms
 GET /login?message=Could+not+authenticate+user 200 in 116ms
 GET /login?message=Could+not+authenticate+user 200 in 132ms
 GET /logo.png 404 in 137ms
 GET /login?message=Could+not+authenticate+user 200 in 94ms
 POST /login?message=Could%20not%20authenticate%20user 303 in 875ms
 GET /login?message=Could+not+authenticate+user 200 in 134ms
 GET /login?message=Could+not+authenticate+user 200 in 134ms
 GET /logo.png 404 in 123ms
 GET /login?message=Could+not+authenticate+user 200 in 78ms
 POST /login?message=Could%20not%20authenticate%20user 303 in 679ms
 GET /login?message=Could+not+authenticate+user 200 in 120ms
 GET /login?message=Could+not+authenticate+user 200 in 137ms
 GET /logo.png 404 in 144ms
 GET /day 200 in 2987ms
 POST /login?message=Could%20not%20authenticate%20user 303 in 5934ms
 GET /tasks 200 in 606ms
 POST /tasks 200 in 1167ms
 GET /panel 200 in 1210ms
 GET /panel 200 in 2001ms
 GET /panel 200 in 1298ms
 GET /day 200 in 3152ms
 GET /day?date=2025-08-24 200 in 2088ms
 GET /day 200 in 2064ms
